CRITICAL - 2022-05-18 23:06:43 --> Class 'App\Models\UsersModel' not found
#0 C:\wamp64\www\adventure-life\system\CodeIgniter.php(810): App\Controllers\BaseController->initController(Object(CodeIgniter\HTTP\IncomingRequest), Object(CodeIgniter\HTTP\Response), Object(CodeIgniter\Log\Logger))
#1 C:\wamp64\www\adventure-life\system\CodeIgniter.php(410): CodeIgniter\CodeIgniter->createController()
#2 C:\wamp64\www\adventure-life\system\CodeIgniter.php(326): CodeIgniter\CodeIgniter->handleRequest(NULL, Object(Config\Cache), false)
#3 C:\wamp64\www\adventure-life\public\index.php(37): CodeIgniter\CodeIgniter->run()
#4 {main}
CRITICAL - 2022-05-18 23:07:22 --> Call to undefined function App\Controllers\uri_segment()
#0 C:\wamp64\www\adventure-life\app\Controllers\BaseController.php(58): App\Controllers\BaseController->check_user()
#1 C:\wamp64\www\adventure-life\system\CodeIgniter.php(810): App\Controllers\BaseController->initController(Object(CodeIgniter\HTTP\IncomingRequest), Object(CodeIgniter\HTTP\Response), Object(CodeIgniter\Log\Logger))
#2 C:\wamp64\www\adventure-life\system\CodeIgniter.php(410): CodeIgniter\CodeIgniter->createController()
#3 C:\wamp64\www\adventure-life\system\CodeIgniter.php(326): CodeIgniter\CodeIgniter->handleRequest(NULL, Object(Config\Cache), false)
#4 C:\wamp64\www\adventure-life\public\index.php(37): CodeIgniter\CodeIgniter->run()
#5 {main}
CRITICAL - 2022-05-18 23:09:27 --> Call to undefined function App\Controllers\uri_segment()
#0 C:\wamp64\www\adventure-life\app\Controllers\BaseController.php(58): App\Controllers\BaseController->check_user()
#1 C:\wamp64\www\adventure-life\system\CodeIgniter.php(810): App\Controllers\BaseController->initController(Object(CodeIgniter\HTTP\IncomingRequest), Object(CodeIgniter\HTTP\Response), Object(CodeIgniter\Log\Logger))
#2 C:\wamp64\www\adventure-life\system\CodeIgniter.php(410): CodeIgniter\CodeIgniter->createController()
#3 C:\wamp64\www\adventure-life\system\CodeIgniter.php(326): CodeIgniter\CodeIgniter->handleRequest(NULL, Object(Config\Cache), false)
#4 C:\wamp64\www\adventure-life\public\index.php(37): CodeIgniter\CodeIgniter->run()
#5 {main}
CRITICAL - 2022-05-18 23:09:30 --> Call to undefined function App\Controllers\uri_segment()
#0 C:\wamp64\www\adventure-life\app\Controllers\BaseController.php(58): App\Controllers\BaseController->check_user()
#1 C:\wamp64\www\adventure-life\system\CodeIgniter.php(810): App\Controllers\BaseController->initController(Object(CodeIgniter\HTTP\IncomingRequest), Object(CodeIgniter\HTTP\Response), Object(CodeIgniter\Log\Logger))
#2 C:\wamp64\www\adventure-life\system\CodeIgniter.php(410): CodeIgniter\CodeIgniter->createController()
#3 C:\wamp64\www\adventure-life\system\CodeIgniter.php(326): CodeIgniter\CodeIgniter->handleRequest(NULL, Object(Config\Cache), false)
#4 C:\wamp64\www\adventure-life\public\index.php(37): CodeIgniter\CodeIgniter->run()
#5 {main}
