CRITICAL - 2022-05-24 20:06:25 --> Undefined variable: calendar
#0 C:\wamp64\www\adventure-life\app\Views\pages\dashboard\index.php(8): CodeIgniter\Debug\Exceptions->errorHandler(8, 'Undefined varia...', 'C:\\wamp64\\www\\a...', 8, Array)
#1 C:\wamp64\www\adventure-life\system\View\View.php(210): include('C:\\wamp64\\www\\a...')
#2 C:\wamp64\www\adventure-life\system\View\View.php(213): CodeIgniter\View\View->CodeIgniter\View\{closure}()
#3 C:\wamp64\www\adventure-life\system\Common.php(1089): CodeIgniter\View\View->render('pages/dashboard...', Array, true)
#4 C:\wamp64\www\adventure-life\app\Controllers\BaseController.php(112): view('pages/dashboard...', Array)
#5 C:\wamp64\www\adventure-life\app\Controllers\Home.php(39): App\Controllers\BaseController->template('dashboard/index', Array)
#6 C:\wamp64\www\adventure-life\system\CodeIgniter.php(832): App\Controllers\Home->dashboard()
#7 C:\wamp64\www\adventure-life\system\CodeIgniter.php(419): CodeIgniter\CodeIgniter->runController(Object(App\Controllers\Home))
#8 C:\wamp64\www\adventure-life\system\CodeIgniter.php(326): CodeIgniter\CodeIgniter->handleRequest(NULL, Object(Config\Cache), false)
#9 C:\wamp64\www\adventure-life\public\index.php(37): CodeIgniter\CodeIgniter->run()
#10 {main}
CRITICAL - 2022-05-24 20:14:39 --> Undefined property: stdClass::$time
#0 C:\wamp64\www\adventure-life\app\Views\pages\dashboard\index.php(30): CodeIgniter\Debug\Exceptions->errorHandler(8, 'Undefined prope...', 'C:\\wamp64\\www\\a...', 30, Array)
#1 C:\wamp64\www\adventure-life\system\View\View.php(210): include('C:\\wamp64\\www\\a...')
#2 C:\wamp64\www\adventure-life\system\View\View.php(213): CodeIgniter\View\View->CodeIgniter\View\{closure}()
#3 C:\wamp64\www\adventure-life\system\Common.php(1089): CodeIgniter\View\View->render('pages/dashboard...', Array, true)
#4 C:\wamp64\www\adventure-life\app\Controllers\BaseController.php(112): view('pages/dashboard...', Array)
#5 C:\wamp64\www\adventure-life\app\Controllers\Home.php(39): App\Controllers\BaseController->template('dashboard/index', Array)
#6 C:\wamp64\www\adventure-life\system\CodeIgniter.php(832): App\Controllers\Home->dashboard()
#7 C:\wamp64\www\adventure-life\system\CodeIgniter.php(419): CodeIgniter\CodeIgniter->runController(Object(App\Controllers\Home))
#8 C:\wamp64\www\adventure-life\system\CodeIgniter.php(326): CodeIgniter\CodeIgniter->handleRequest(NULL, Object(Config\Cache), false)
#9 C:\wamp64\www\adventure-life\public\index.php(37): CodeIgniter\CodeIgniter->run()
#10 {main}
CRITICAL - 2022-05-24 20:15:04 --> Undefined property: stdClass::$timezone
#0 C:\wamp64\www\adventure-life\app\Helpers\data_helper.php(243): CodeIgniter\Debug\Exceptions->errorHandler(8, 'Undefined prope...', 'C:\\wamp64\\www\\a...', 243, Array)
#1 C:\wamp64\www\adventure-life\app\Views\pages\dashboard\index.php(30): user_local_time('May 20, 2022 18...')
#2 C:\wamp64\www\adventure-life\system\View\View.php(210): include('C:\\wamp64\\www\\a...')
#3 C:\wamp64\www\adventure-life\system\View\View.php(213): CodeIgniter\View\View->CodeIgniter\View\{closure}()
#4 C:\wamp64\www\adventure-life\system\Common.php(1089): CodeIgniter\View\View->render('pages/dashboard...', Array, true)
#5 C:\wamp64\www\adventure-life\app\Controllers\BaseController.php(112): view('pages/dashboard...', Array)
#6 C:\wamp64\www\adventure-life\app\Controllers\Home.php(39): App\Controllers\BaseController->template('dashboard/index', Array)
#7 C:\wamp64\www\adventure-life\system\CodeIgniter.php(832): App\Controllers\Home->dashboard()
#8 C:\wamp64\www\adventure-life\system\CodeIgniter.php(419): CodeIgniter\CodeIgniter->runController(Object(App\Controllers\Home))
#9 C:\wamp64\www\adventure-life\system\CodeIgniter.php(326): CodeIgniter\CodeIgniter->handleRequest(NULL, Object(Config\Cache), false)
#10 C:\wamp64\www\adventure-life\public\index.php(37): CodeIgniter\CodeIgniter->run()
#11 {main}
ERROR - 2022-05-24 20:38:08 --> Unknown column 'user' in 'where clause'
CRITICAL - 2022-05-24 20:38:08 --> Unknown column 'user' in 'where clause'
#0 C:\wamp64\www\adventure-life\system\Database\MySQLi\Connection.php(292): mysqli->query('SELECT *\nFROM `...', 0)
#1 C:\wamp64\www\adventure-life\system\Database\BaseConnection.php(670): CodeIgniter\Database\MySQLi\Connection->execute('SELECT *\nFROM `...')
#2 C:\wamp64\www\adventure-life\system\Database\BaseConnection.php(598): CodeIgniter\Database\BaseConnection->simpleQuery('SELECT *\nFROM `...')
#3 C:\wamp64\www\adventure-life\system\Database\BaseBuilder.php(1455): CodeIgniter\Database\BaseConnection->query('SELECT *\nFROM `...', Array, false)
#4 C:\wamp64\www\adventure-life\system\Model.php(183): CodeIgniter\Database\BaseBuilder->get()
#5 C:\wamp64\www\adventure-life\system\BaseModel.php(584): CodeIgniter\Model->doFindAll(0, 0)
#6 C:\wamp64\www\adventure-life\app\Controllers\Home.php(39): CodeIgniter\BaseModel->findAll()
#7 C:\wamp64\www\adventure-life\system\CodeIgniter.php(832): App\Controllers\Home->dashboard()
#8 C:\wamp64\www\adventure-life\system\CodeIgniter.php(419): CodeIgniter\CodeIgniter->runController(Object(App\Controllers\Home))
#9 C:\wamp64\www\adventure-life\system\CodeIgniter.php(326): CodeIgniter\CodeIgniter->handleRequest(NULL, Object(Config\Cache), false)
#10 C:\wamp64\www\adventure-life\public\index.php(37): CodeIgniter\CodeIgniter->run()
#11 {main}
CRITICAL - 2022-05-24 21:22:27 --> array_merge(): Expected parameter 2 to be an array, object given
#0 [internal function]: CodeIgniter\Debug\Exceptions->errorHandler(2, 'array_merge(): ...', 'C:\\wamp64\\www\\a...', 17, Array)
#1 C:\wamp64\www\adventure-life\app\Helpers\data_helper.php(17): array_merge(Array, Object(stdClass))
#2 C:\wamp64\www\adventure-life\app\Controllers\Home.php(90): success(Object(stdClass))
#3 C:\wamp64\www\adventure-life\system\CodeIgniter.php(832): App\Controllers\Home->view_event()
#4 C:\wamp64\www\adventure-life\system\CodeIgniter.php(419): CodeIgniter\CodeIgniter->runController(Object(App\Controllers\Home))
#5 C:\wamp64\www\adventure-life\system\CodeIgniter.php(326): CodeIgniter\CodeIgniter->handleRequest(NULL, Object(Config\Cache), false)
#6 C:\wamp64\www\adventure-life\public\index.php(37): CodeIgniter\CodeIgniter->run()
#7 {main}
